[2022-07-19 08:59:10,493: INFO: or]: ------   Starting Training OR---- 
[2022-07-19 08:59:10,540: INFO: or]: This is the raw data    x1  x2  y
0   0   0  0
1   0   1  1
2   1   0  1
3   1   1  1
[2022-07-19 08:59:10,540: INFO: all_utils]: Preparing the data for Training 
[2022-07-19 08:59:10,551: INFO: model]: initial weights before training: 
[1.23270139e-04 7.24772989e-05 7.71846131e-05]

[2022-07-19 08:59:10,556: INFO: model]: X with bias: 
[[ 0.  0. -1.]
 [ 0.  1. -1.]
 [ 1.  0. -1.]
 [ 1.  1. -1.]]
[2022-07-19 08:59:10,557: INFO: model]: --------------------
[2022-07-19 08:59:10,557: INFO: model]: for epoch >> 0
[2022-07-19 08:59:10,559: INFO: model]: --------------------
[2022-07-19 08:59:10,560: INFO: model]: predicted value after forward pass: 
[0 0 1 1]
[2022-07-19 08:59:10,564: INFO: model]: error: 
0    0
1    1
2    0
3    0
Name: y, dtype: int64
[2022-07-19 08:59:10,566: INFO: model]: updated weights after epoch: 1/10: 
[ 1.23270139e-04  3.00072477e-01 -2.99922815e-01]
[2022-07-19 08:59:10,569: INFO: model]: ####################
[2022-07-19 08:59:10,569: INFO: model]: --------------------
[2022-07-19 08:59:10,570: INFO: model]: for epoch >> 1
[2022-07-19 08:59:10,571: INFO: model]: --------------------
[2022-07-19 08:59:10,572: INFO: model]: predicted value after forward pass: 
[1 1 1 1]
[2022-07-19 08:59:10,575: INFO: model]: error: 
0   -1
1    0
2    0
3    0
Name: y, dtype: int64
[2022-07-19 08:59:10,577: INFO: model]: updated weights after epoch: 2/10: 
[1.23270139e-04 3.00072477e-01 7.71846131e-05]
[2022-07-19 08:59:10,578: INFO: model]: ####################
[2022-07-19 08:59:10,578: INFO: model]: --------------------
[2022-07-19 08:59:10,578: INFO: model]: for epoch >> 2
[2022-07-19 08:59:10,579: INFO: model]: --------------------
[2022-07-19 08:59:10,580: INFO: model]: predicted value after forward pass: 
[0 1 1 1]
[2022-07-19 08:59:10,584: INFO: model]: error: 
0    0
1    0
2    0
3    0
Name: y, dtype: int64
[2022-07-19 08:59:10,586: INFO: model]: updated weights after epoch: 3/10: 
[1.23270139e-04 3.00072477e-01 7.71846131e-05]
[2022-07-19 08:59:10,586: INFO: model]: ####################
[2022-07-19 08:59:10,587: INFO: model]: --------------------
[2022-07-19 08:59:10,587: INFO: model]: for epoch >> 3
[2022-07-19 08:59:10,587: INFO: model]: --------------------
[2022-07-19 08:59:10,588: INFO: model]: predicted value after forward pass: 
[0 1 1 1]
[2022-07-19 08:59:10,592: INFO: model]: error: 
0    0
1    0
2    0
3    0
Name: y, dtype: int64
[2022-07-19 08:59:10,594: INFO: model]: updated weights after epoch: 4/10: 
[1.23270139e-04 3.00072477e-01 7.71846131e-05]
[2022-07-19 08:59:10,594: INFO: model]: ####################
[2022-07-19 08:59:10,595: INFO: model]: --------------------
[2022-07-19 08:59:10,595: INFO: model]: for epoch >> 4
[2022-07-19 08:59:10,596: INFO: model]: --------------------
[2022-07-19 08:59:10,597: INFO: model]: predicted value after forward pass: 
[0 1 1 1]
[2022-07-19 08:59:10,602: INFO: model]: error: 
0    0
1    0
2    0
3    0
Name: y, dtype: int64
[2022-07-19 08:59:10,603: INFO: model]: updated weights after epoch: 5/10: 
[1.23270139e-04 3.00072477e-01 7.71846131e-05]
[2022-07-19 08:59:10,604: INFO: model]: ####################
[2022-07-19 08:59:10,604: INFO: model]: --------------------
[2022-07-19 08:59:10,605: INFO: model]: for epoch >> 5
[2022-07-19 08:59:10,605: INFO: model]: --------------------
[2022-07-19 08:59:10,606: INFO: model]: predicted value after forward pass: 
[0 1 1 1]
[2022-07-19 08:59:10,610: INFO: model]: error: 
0    0
1    0
2    0
3    0
Name: y, dtype: int64
[2022-07-19 08:59:10,612: INFO: model]: updated weights after epoch: 6/10: 
[1.23270139e-04 3.00072477e-01 7.71846131e-05]
[2022-07-19 08:59:10,612: INFO: model]: ####################
[2022-07-19 08:59:10,613: INFO: model]: --------------------
[2022-07-19 08:59:10,614: INFO: model]: for epoch >> 6
[2022-07-19 08:59:10,614: INFO: model]: --------------------
[2022-07-19 08:59:10,616: INFO: model]: predicted value after forward pass: 
[0 1 1 1]
[2022-07-19 08:59:10,620: INFO: model]: error: 
0    0
1    0
2    0
3    0
Name: y, dtype: int64
[2022-07-19 08:59:10,622: INFO: model]: updated weights after epoch: 7/10: 
[1.23270139e-04 3.00072477e-01 7.71846131e-05]
[2022-07-19 08:59:10,623: INFO: model]: ####################
[2022-07-19 08:59:10,623: INFO: model]: --------------------
[2022-07-19 08:59:10,624: INFO: model]: for epoch >> 7
[2022-07-19 08:59:10,624: INFO: model]: --------------------
[2022-07-19 08:59:10,625: INFO: model]: predicted value after forward pass: 
[0 1 1 1]
[2022-07-19 08:59:10,628: INFO: model]: error: 
0    0
1    0
2    0
3    0
Name: y, dtype: int64
[2022-07-19 08:59:10,630: INFO: model]: updated weights after epoch: 8/10: 
[1.23270139e-04 3.00072477e-01 7.71846131e-05]
[2022-07-19 08:59:10,633: INFO: model]: ####################
[2022-07-19 08:59:10,633: INFO: model]: --------------------
[2022-07-19 08:59:10,634: INFO: model]: for epoch >> 8
[2022-07-19 08:59:10,634: INFO: model]: --------------------
[2022-07-19 08:59:10,635: INFO: model]: predicted value after forward pass: 
[0 1 1 1]
[2022-07-19 08:59:10,638: INFO: model]: error: 
0    0
1    0
2    0
3    0
Name: y, dtype: int64
[2022-07-19 08:59:10,640: INFO: model]: updated weights after epoch: 9/10: 
[1.23270139e-04 3.00072477e-01 7.71846131e-05]
[2022-07-19 08:59:10,640: INFO: model]: ####################
[2022-07-19 08:59:10,641: INFO: model]: --------------------
[2022-07-19 08:59:10,641: INFO: model]: for epoch >> 9
[2022-07-19 08:59:10,642: INFO: model]: --------------------
[2022-07-19 08:59:10,643: INFO: model]: predicted value after forward pass: 
[0 1 1 1]
[2022-07-19 08:59:10,645: INFO: model]: error: 
0    0
1    0
2    0
3    0
Name: y, dtype: int64
[2022-07-19 08:59:10,647: INFO: model]: updated weights after epoch: 10/10: 
[1.23270139e-04 3.00072477e-01 7.71846131e-05]
[2022-07-19 08:59:10,648: INFO: model]: ####################
[2022-07-19 08:59:10,649: INFO: model]: 
total loss: 0

[2022-07-19 08:59:10,668: INFO: all_utils]: Preparing the data for Training 
[2022-07-19 08:59:10,671: INFO: all_utils]: creating the base plot
[2022-07-19 08:59:12,761: INFO: all_utils]: Preparing the decision Regions 
[2022-07-19 08:59:13,579: INFO: or]: >>>>>>  Training finished for OR ......>>>>>>>----
